<?xml version="1.0" encoding="UTF-8"?>
<!-- Generated by org.testng.reporters.JUnitReportReporter -->
<testsuite hostname="LAPTOP-IJKL4ONC" failures="0" tests="1" name="Base.BaseTest" time="9.930" errors="0" timestamp="2023-12-14T16:52:45 GMT" skipped="0">
  <testcase classname="Base.BaseTest" name="configureAppium" time="9.930"/>
</testsuite> <!-- Base.BaseTest -->
